========================== SD IP Core Testbench results ===========================
 
  ***************************************************************************************
  ***************************************************************************************
  Heading: access_to_reg                                                                                       
  ***************************************************************************************
  ***************************************************************************************
 
    *************************************************************************************
    At time:                 2591 
    Test: TEST 0: 32-BIT READ-WRITE REGISTERS ( VARIOUS BUS DELAYS )                                          
    *FAILED* because
    Register %h defaultvalue is not RSP                                                                                                                                                                                                                                                                                                                                                                                                                                                                                                                                                                                                                                                                                                                                                                                                                                                                                                                                                                                                     ;         76
    *************************************************************************************
 
  ***************************************************************************************
  ***************************************************************************************
  Heading: Send CMD                                                                                            
  ***************************************************************************************
  ***************************************************************************************
 
    *************************************************************************************
    At time:                 8077 
    Test: 0:  Send CMD, No Response                                                                           
    reported *SUCCESSFULL*! 
    *************************************************************************************
 
  ***************************************************************************************
  ***************************************************************************************
  Heading: access_to_reg                                                                                       
  ***************************************************************************************
  ***************************************************************************************
 
